<?xml version="1.0" encoding="UTF-8"?>
<!-- Generated by org.testng.reporters.JUnitXMLReporter -->
<testsuite hostname="mindc1d155" ignored="0" name="Default test" tests="10" failures="0" timestamp="2022-05-23T14:00:12 IST" time="234.497" errors="0">
  <testcase name="basePageNavigation" time="12.556" classname="runner.TestExecution8"/>
  <testcase name="basePageNavigation" time="21.102" classname="runner.TestExecution"/>
  <testcase name="basePageNavigation" time="22.979" classname="runner.TextExecution9"/>
  <testcase name="basePageNavigation" time="24.785" classname="runner.TestExecution1"/>
  <testcase name="basePageNavigation" time="44.965" classname="runner.TestExecution2"/>
  <testcase name="basePageNavigation" time="18.741" classname="runner.TestExecution3"/>
  <testcase name="basePageNavigation" time="31.704" classname="runner.TestExecution4"/>
  <testcase name="basePageNavigation" time="11.373" classname="runner.LoginTestExecution5"/>
  <testcase name="basePageNavigation" time="27.255" classname="runner.TestExecution6"/>
  <testcase name="basePageNavigation" time="18.024" classname="runner.TestExecution7"/>
</testsuite> <!-- Default test -->
