<?xml version="1.0" encoding="UTF-8"?>
<testng-results skipped="0" failed="0" ignored="0" total="10" passed="10">
  <reporter-output>
  </reporter-output>
  <suite name="Default suite" duration-ms="234497" started-at="2022-05-23T13:56:17 IST" finished-at="2022-05-23T14:00:12 IST">
    <groups>
    </groups>
    <test name="Default test" duration-ms="234497" started-at="2022-05-23T13:56:17 IST" finished-at="2022-05-23T14:00:12 IST">
      <class name="runner.TestExecution8">
        <test-method status="PASS" signature="basePageNavigation()[pri:0, instance:runner.TestExecution8@6f195bc3]" name="basePageNavigation" duration-ms="12556" started-at="2022-05-23T13:56:17 IST" finished-at="2022-05-23T13:56:30 IST">
          <reporter-output>
          </reporter-output>
        </test-method> <!-- basePageNavigation -->
      </class> <!-- runner.TestExecution8 -->
      <class name="runner.TestExecution">
        <test-method status="PASS" signature="basePageNavigation()[pri:0, instance:runner.TestExecution@436e852b]" name="basePageNavigation" duration-ms="21102" started-at="2022-05-23T13:56:30 IST" finished-at="2022-05-23T13:56:51 IST">
          <reporter-output>
          </reporter-output>
        </test-method> <!-- basePageNavigation -->
      </class> <!-- runner.TestExecution -->
      <class name="runner.TextExecution9">
        <test-method status="PASS" signature="basePageNavigation()[pri:0, instance:runner.TextExecution9@32d2fa64]" name="basePageNavigation" duration-ms="22979" started-at="2022-05-23T13:56:51 IST" finished-at="2022-05-23T13:57:14 IST">
          <reporter-output>
          </reporter-output>
        </test-method> <!-- basePageNavigation -->
      </class> <!-- runner.TextExecution9 -->
      <class name="runner.TestExecution1">
        <test-method status="PASS" signature="basePageNavigation()[pri:0, instance:runner.TestExecution1@1d8d30f7]" name="basePageNavigation" duration-ms="24785" started-at="2022-05-23T13:57:14 IST" finished-at="2022-05-23T13:57:39 IST">
          <reporter-output>
          </reporter-output>
        </test-method> <!-- basePageNavigation -->
      </class> <!-- runner.TestExecution1 -->
      <class name="runner.TestExecution2">
        <test-method status="PASS" signature="basePageNavigation()[pri:0, instance:runner.TestExecution2@3e57cd70]" name="basePageNavigation" duration-ms="44965" started-at="2022-05-23T13:57:39 IST" finished-at="2022-05-23T13:58:24 IST">
          <reporter-output>
          </reporter-output>
        </test-method> <!-- basePageNavigation -->
      </class> <!-- runner.TestExecution2 -->
      <class name="runner.TestExecution3">
        <test-method status="PASS" signature="basePageNavigation()[pri:0, instance:runner.TestExecution3@9a7504c]" name="basePageNavigation" duration-ms="18741" started-at="2022-05-23T13:58:24 IST" finished-at="2022-05-23T13:58:42 IST">
          <reporter-output>
          </reporter-output>
        </test-method> <!-- basePageNavigation -->
      </class> <!-- runner.TestExecution3 -->
      <class name="runner.TestExecution4">
        <test-method status="PASS" signature="basePageNavigation()[pri:0, instance:runner.TestExecution4@2c039ac6]" name="basePageNavigation" duration-ms="31704" started-at="2022-05-23T13:58:43 IST" finished-at="2022-05-23T13:59:14 IST">
          <reporter-output>
          </reporter-output>
        </test-method> <!-- basePageNavigation -->
      </class> <!-- runner.TestExecution4 -->
      <class name="runner.TestExecution6">
        <test-method status="PASS" signature="basePageNavigation()[pri:0, instance:runner.TestExecution6@a38d7a3]" name="basePageNavigation" duration-ms="27255" started-at="2022-05-23T13:59:26 IST" finished-at="2022-05-23T13:59:54 IST">
          <reporter-output>
          </reporter-output>
        </test-method> <!-- basePageNavigation -->
      </class> <!-- runner.TestExecution6 -->
      <class name="runner.LoginTestExecution5">
        <test-method status="PASS" signature="basePageNavigation()[pri:0, instance:runner.LoginTestExecution5@5bb21b69]" name="basePageNavigation" duration-ms="11373" started-at="2022-05-23T13:59:14 IST" finished-at="2022-05-23T13:59:26 IST">
          <reporter-output>
          </reporter-output>
        </test-method> <!-- basePageNavigation -->
        <test-method status="PASS" signature="close()[pri:0, instance:runner.LoginTestExecution5@5bb21b69]" name="close" is-config="true" duration-ms="844" started-at="2022-05-23T13:59:26 IST" finished-at="2022-05-23T13:59:26 IST">
          <reporter-output>
          </reporter-output>
        </test-method> <!-- close -->
      </class> <!-- runner.LoginTestExecution5 -->
      <class name="runner.TestExecution7">
        <test-method status="PASS" signature="basePageNavigation()[pri:0, instance:runner.TestExecution7@77f99a05]" name="basePageNavigation" duration-ms="18024" started-at="2022-05-23T13:59:54 IST" finished-at="2022-05-23T14:00:12 IST">
          <reporter-output>
          </reporter-output>
        </test-method> <!-- basePageNavigation -->
      </class> <!-- runner.TestExecution7 -->
    </test> <!-- Default test -->
  </suite> <!-- Default suite -->
</testng-results>
